"C:\Program Files\JetBrains\CLion 2020.1\bin\cmake\win\bin\cmake.exe" -DCMAKE_BUILD_TYPE=Debug -G "CodeBlocks - MinGW Makefiles" "F:\Google Drive\учоба\3 семестр\САОД"
-- The C compiler identification is GNU 10.3.0
-- The CXX compiler identification is GNU 10.3.0
-- Check for working C compiler: C:/msys64/mingw64/bin/gcc.exe
-- Check for working C compiler: C:/msys64/mingw64/bin/gcc.exe -- broken
CMake Error at C:/Program Files/JetBrains/CLion 2020.1/bin/cmake/win/share/cmake-3.16/Modules/CMakeTestCCompiler.cmake:60 (message):
  The C compiler

    "C:/msys64/mingw64/bin/gcc.exe"

  is not able to compile a simple test program.

  It fails with the following output:

    Change Dir: F:/Google Drive/СѓС‡РѕР±Р°/3 СЃРµРјРµСЃС‚СЂ/РЎРђРћР”/cmake-build-debug/CMakeFiles/CMakeTmp
    
    Run Build Command(s):C:/msys64/mingw64/bin/mingw32-make.exe cmTC_42a1a/fast && C:/msys64/mingw64/bin/mingw32-make.exe -f CMakeFiles\cmTC_42a1a.dir\build.make CMakeFiles/cmTC_42a1a.dir/build
    mingw32-make[1]: Entering directory 'F:/Google Drive/С”СћСЋСЃСЂ/3 С‘С…СЊС…С‘Р„РЃ/в•¤в””в•¬в”Ђ/cmake-build-debug/CMakeFiles/CMakeTmp'
    Building C object CMakeFiles/cmTC_42a1a.dir/testCCompiler.c.obj
    C:\msys64\mingw64\bin\gcc.exe    -o CMakeFiles\cmTC_42a1a.dir\testCCompiler.c.obj   -c "F:\Google Drive\в•¤Р“в•¤Р—в•Ёв•›в•Ёв–’в•Ёв–‘\3 в•¤Р‘в•Ёв•Ўв•Ёв•ќв•Ёв•Ўв•¤Р‘в•¤Р’в•¤Рђ\в•ЁР±в•ЁР в•ЁР®в•ЁР¤\cmake-build-debug\CMakeFiles\CMakeTmp\testCCompiler.c"
    gcc.exe: error: F:\Google Drive\в•¤Р“в•¤Р—в•Ёв•›в•Ёв–’в•Ёв–‘\3 в•¤Р‘в•Ёв•Ўв•Ёв•ќв•Ёв•Ўв•¤Р‘в•¤Р’в•¤Рђ\в•ЁР±в•ЁР в•ЁР®в•ЁР¤\cmake-build-debug\CMakeFiles\CMakeTmp\testCCompiler.c: No such file or directory
    gcc.exe: fatal error: no input files
    compilation terminated.
    mingw32-make[1]: *** [CMakeFiles\cmTC_42a1a.dir\build.make:65: CMakeFiles/cmTC_42a1a.dir/testCCompiler.c.obj] Error 1
    mingw32-make[1]: Leaving directory 'F:/Google Drive/С”СћСЋСЃСЂ/3 С‘С…СЊС…С‘Р„РЃ/в•¤в””в•¬в”Ђ/cmake-build-debug/CMakeFiles/CMakeTmp'
    mingw32-make: *** [Makefile:120: cmTC_42a1a/fast] Error 2
    
    

  

  CMake will not be able to correctly generate this project.
Call Stack (most recent call first):
  CMakeLists.txt:2 (project)


-- Configuring incomplete, errors occurred!
See also "F:/Google Drive/СѓС‡РѕР±Р°/3 СЃРµРјРµСЃС‚СЂ/РЎРђРћР”/cmake-build-debug/CMakeFiles/CMakeOutput.log".
See also "F:/Google Drive/СѓС‡РѕР±Р°/3 СЃРµРјРµСЃС‚СЂ/РЎРђРћР”/cmake-build-debug/CMakeFiles/CMakeError.log".
